#
# There is insufficient memory for the Java Runtime Environment to continue.
# Native memory allocation (malloc) failed to allocate 65552 bytes for Chunk::new
# Possible reasons:
#   The system is out of physical RAM or swap space
#   In 32 bit mode, the process size limit was hit
# Possible solutions:
#   Reduce memory load on the system
#   Increase physical memory or swap space
#   Check if swap backing store is full
#   Use 64 bit Java on a 64 bit OS
#   Decrease Java heap size (-Xmx/-Xms)
#   Decrease number of Java threads
#   Decrease Java thread stack sizes (-Xss)
#   Set larger code cache with -XX:ReservedCodeCacheSize=
# This output file may be truncated or incomplete.
#
#  Out of Memory Error (allocation.cpp:390), pid=57820, tid=0x000000000000e21c
#
# JRE version: Java(TM) SE Runtime Environment (8.0_151-b12) (build 1.8.0_151-b12)
# Java VM: Java HotSpot(TM) 64-Bit Server VM (25.151-b12 mixed mode windows-amd64 compressed oops)
# Failed to write core dump. Minidumps are not enabled by default on client versions of Windows
#

---------------  T H R E A D  ---------------

Current thread (0x00000000198e8800):  JavaThread "C2 CompilerThread0" daemon [_thread_in_native, id=57884, stack(0x000000001b340000,0x000000001b440000)]

Stack: [0x000000001b340000,0x000000001b440000]
[error occurred during error reporting (printing stack bounds), id 0xc0000005]

Native frames: (J=compiled Java code, j=interpreted, Vv=VM code, C=native code)


Current CompileTask:
C2:  19536 4469       4       com.google.javascript.jscomp.ShadowVariables$GatherReferenceInfo::visit (212 bytes)


---------------  P R O C E S S  ---------------

Java Threads: ( => current thread )
  0x000000001f5e6000 JavaThread "jscompiler" daemon [_thread_in_vm, id=57388, stack(0x0000000023870000,0x0000000025870000)]
  0x000000001add2000 JavaThread "Service Thread" daemon [_thread_blocked, id=57864, stack(0x000000001b640000,0x000000001b740000)]
  0x000000001ad8e800 JavaThread "C1 CompilerThread2" daemon [_thread_blocked, id=57872, stack(0x000000001b540000,0x000000001b640000)]
  0x00000000198f7800 JavaThread "C2 CompilerThread1" daemon [_thread_in_native, id=57880, stack(0x000000001b440000,0x000000001b540000)]
=>0x00000000198e8800 JavaThread "C2 CompilerThread0" daemon [_thread_in_native, id=57884, stack(0x000000001b340000,0x000000001b440000)]
  0x00000000198e6800 JavaThread "Attach Listener" daemon [_thread_blocked, id=57904, stack(0x000000001b240000,0x000000001b340000)]
  0x000000001ad83800 JavaThread "Signal Dispatcher" daemon [_thread_blocked, id=57920, stack(0x000000001b140000,0x000000001b240000)]
  0x00000000198ba800 JavaThread "Finalizer" daemon [_thread_blocked, id=57912, stack(0x000000001ab40000,0x000000001ac40000)]
  0x0000000004d2f800 JavaThread "Reference Handler" daemon [_thread_blocked, id=57908, stack(0x000000001aa40000,0x000000001ab40000)]
  0x0000000004c40800 JavaThread "main" [_thread_blocked, id=56820, stack(0x0000000004b40000,0x0000000004c40000)]

Other Threads:
  0x0000000019898000 VMThread [stack: 0x000000001a940000,0x000000001aa40000] [id=57888]
  0x000000001ae05800 WatcherThread [stack: 0x000000001b740000,0x000000001b840000] [id=57936]

VM state:not at safepoint (normal execution)

VM Mutex/Monitor currently owned by a thread: None

Heap:
 PSYoungGen      total 147456K, used 103671K [0x00000000d5b00000, 0x00000000e7e00000, 0x0000000100000000)
  eden space 132096K, 75% used [0x00000000d5b00000,0x00000000dbc89e88,0x00000000ddc00000)
  from space 15360K, 24% used [0x00000000dec00000,0x00000000defb4030,0x00000000dfb00000)
  to   space 16384K, 0% used [0x00000000ddc00000,0x00000000ddc00000,0x00000000dec00000)
 ParOldGen       total 87552K, used 32429K [0x0000000081000000, 0x0000000086580000, 0x00000000d5b00000)
  object space 87552K, 37% used [0x0000000081000000,0x0000000082fab518,0x0000000086580000)
 Metaspace       used 16315K, capacity 16450K, committed 16640K, reserved 1064960K
  class space    used 1731K, capacity 1751K, committed 1792K, reserved 1048576K

Card table byte_map: [0x0000000014100000,0x0000000014500000] byte_map_base: 0x0000000013cf8000

Marking Bits: (ParMarkBitMap*) 0x000000006e80d850
 Begin Bits: [0x0000000014bb0000, 0x0000000016b70000)
 End Bits:   [0x0000000016b70000, 0x0000000018b30000)

Polling page: 0x0000000002da0000

CodeCache: size=245760Kb used=16757Kb max_used=16838Kb free=229002Kb
 bounds [0x0000000004d40000, 0x0000000005df0000, 0x0000000013d40000]
 total_blobs=3954 nmethods=3609 adapters=257
 compilation: enabled

Compilation events (10 events):
Event: 19.421 Thread 0x00000000198e8800 nmethod 4384 0x0000000004f1f450 code [0x0000000004f1f600, 0x0000000004f1fa28]
Event: 19.421 Thread 0x00000000198e8800 4411       4       com.google.javascript.jscomp.ReferenceCollectingCallback::exitScope (37 bytes)
Event: 19.426 Thread 0x000000001ad8e800 4505       2       com.google.javascript.jscomp.RenameVars::getNewLocalName (58 bytes)
Event: 19.426 Thread 0x000000001ad8e800 nmethod 4505 0x0000000005b24590 code [0x0000000005b24720, 0x0000000005b249d8]
Event: 19.426 Thread 0x000000001ad8e800 4506       2       com.google.javascript.jscomp.RenameVars::setNameAndReport (73 bytes)
Event: 19.427 Thread 0x000000001ad8e800 nmethod 4506 0x0000000004ec6290 code [0x0000000004ec6460, 0x0000000004ec67d8]
Event: 19.428 Thread 0x00000000198e8800 nmethod 4411 0x0000000004fdc590 code [0x0000000004fdc720, 0x0000000004fdcad8]
Event: 19.428 Thread 0x00000000198e8800 4388       4       com.google.javascript.jscomp.NodeTraversal::initTraversal (43 bytes)
Event: 19.442 Thread 0x00000000198e8800 nmethod 4388 0x0000000005645410 code [0x0000000005645580, 0x0000000005645878]
Event: 19.442 Thread 0x00000000198e8800 4469       4       com.google.javascript.jscomp.ShadowVariables$GatherReferenceInfo::visit (212 bytes)

GC Heap History (10 events):
Event: 5.714 GC heap before
{Heap before GC invocations=4 (full 0):
 PSYoungGen      total 38400K, used 38388K [0x00000000d5b00000, 0x00000000da600000, 0x0000000100000000)
  eden space 33280K, 100% used [0x00000000d5b00000,0x00000000d7b80000,0x00000000d7b80000)
  from space 5120K, 99% used [0x00000000d7b80000,0x00000000d807d3e0,0x00000000d8080000)
  to   space 5120K, 0% used [0x00000000da100000,0x00000000da100000,0x00000000da600000)
 ParOldGen       total 87552K, used 17570K [0x0000000081000000, 0x0000000086580000, 0x00000000d5b00000)
  object space 87552K, 20% used [0x0000000081000000,0x0000000082128ab8,0x0000000086580000)
 Metaspace       used 11675K, capacity 11766K, committed 11904K, reserved 1060864K
  class space    used 1333K, capacity 1363K, committed 1408K, reserved 1048576K
Event: 5.791 GC heap after
Heap after GC invocations=4 (full 0):
 PSYoungGen      total 71680K, used 5103K [0x00000000d5b00000, 0x00000000da600000, 0x0000000100000000)
  eden space 66560K, 0% used [0x00000000d5b00000,0x00000000d5b00000,0x00000000d9c00000)
  from space 5120K, 99% used [0x00000000da100000,0x00000000da5fbd28,0x00000000da600000)
  to   space 5120K, 0% used [0x00000000d9c00000,0x00000000d9c00000,0x00000000da100000)
 ParOldGen       total 87552K, used 24494K [0x0000000081000000, 0x0000000086580000, 0x00000000d5b00000)
  object space 87552K, 27% used [0x0000000081000000,0x00000000827eba90,0x0000000086580000)
 Metaspace       used 11675K, capacity 11766K, committed 11904K, reserved 1060864K
  class space    used 1333K, capacity 1363K, committed 1408K, reserved 1048576K
}
Event: 9.545 GC heap before
{Heap before GC invocations=5 (full 0):
 PSYoungGen      total 71680K, used 71663K [0x00000000d5b00000, 0x00000000da600000, 0x0000000100000000)
  eden space 66560K, 100% used [0x00000000d5b00000,0x00000000d9c00000,0x00000000d9c00000)
  from space 5120K, 99% used [0x00000000da100000,0x00000000da5fbd28,0x00000000da600000)
  to   space 5120K, 0% used [0x00000000d9c00000,0x00000000d9c00000,0x00000000da100000)
 ParOldGen       total 87552K, used 24494K [0x0000000081000000, 0x0000000086580000, 0x00000000d5b00000)
  object space 87552K, 27% used [0x0000000081000000,0x00000000827eba90,0x0000000086580000)
 Metaspace       used 13964K, capacity 14038K, committed 14208K, reserved 1062912K
  class space    used 1557K, capacity 1587K, committed 1664K, reserved 1048576K
Event: 9.576 GC heap after
Heap after GC invocations=5 (full 0):
 PSYoungGen      total 71680K, used 5118K [0x00000000d5b00000, 0x00000000dfb00000, 0x0000000100000000)
  eden space 66560K, 0% used [0x00000000d5b00000,0x00000000d5b00000,0x00000000d9c00000)
  from space 5120K, 99% used [0x00000000d9c00000,0x00000000da0ffba8,0x00000000da100000)
  to   space 15360K, 0% used [0x00000000dec00000,0x00000000dec00000,0x00000000dfb00000)
 ParOldGen       total 87552K, used 28482K [0x0000000081000000, 0x0000000086580000, 0x00000000d5b00000)
  object space 87552K, 32% used [0x0000000081000000,0x0000000082bd0a30,0x0000000086580000)
 Metaspace       used 13964K, capacity 14038K, committed 14208K, reserved 1062912K
  class space    used 1557K, capacity 1587K, committed 1664K, reserved 1048576K
}
Event: 11.623 GC heap before
{Heap before GC invocations=6 (full 0):
 PSYoungGen      total 71680K, used 71678K [0x00000000d5b00000, 0x00000000dfb00000, 0x0000000100000000)
  eden space 66560K, 100% used [0x00000000d5b00000,0x00000000d9c00000,0x00000000d9c00000)
  from space 5120K, 99% used [0x00000000d9c00000,0x00000000da0ffba8,0x00000000da100000)
  to   space 15360K, 0% used [0x00000000dec00000,0x00000000dec00000,0x00000000dfb00000)
 ParOldGen       total 87552K, used 28482K [0x0000000081000000, 0x0000000086580000, 0x00000000d5b00000)
  object space 87552K, 32% used [0x0000000081000000,0x0000000082bd0a30,0x0000000086580000)
 Metaspace       used 14875K, capacity 15074K, committed 15232K, reserved 1062912K
  class space    used 1636K, capacity 1655K, committed 1664K, reserved 1048576K
Event: 11.645 GC heap after
Heap after GC invocations=6 (full 0):
 PSYoungGen      total 147968K, used 7505K [0x00000000d5b00000, 0x00000000dfc00000, 0x0000000100000000)
  eden space 132608K, 0% used [0x00000000d5b00000,0x00000000d5b00000,0x00000000ddc80000)
  from space 15360K, 48% used [0x00000000dec00000,0x00000000df354458,0x00000000dfb00000)
  to   space 15872K, 0% used [0x00000000ddc80000,0x00000000ddc80000,0x00000000dec00000)
 ParOldGen       total 87552K, used 28490K [0x0000000081000000, 0x0000000086580000, 0x00000000d5b00000)
  object space 87552K, 32% used [0x0000000081000000,0x0000000082bd2a30,0x0000000086580000)
 Metaspace       used 14875K, capacity 15074K, committed 15232K, reserved 1062912K
  class space    used 1636K, capacity 1655K, committed 1664K, reserved 1048576K
}
Event: 15.216 GC heap before
{Heap before GC invocations=7 (full 0):
 PSYoungGen      total 147968K, used 140113K [0x00000000d5b00000, 0x00000000dfc00000, 0x0000000100000000)
  eden space 132608K, 100% used [0x00000000d5b00000,0x00000000ddc80000,0x00000000ddc80000)
  from space 15360K, 48% used [0x00000000dec00000,0x00000000df354458,0x00000000dfb00000)
  to   space 15872K, 0% used [0x00000000ddc80000,0x00000000ddc80000,0x00000000dec00000)
 ParOldGen       total 87552K, used 28490K [0x0000000081000000, 0x0000000086580000, 0x00000000d5b00000)
  object space 87552K, 32% used [0x0000000081000000,0x0000000082bd2a30,0x0000000086580000)
 Metaspace       used 16024K, capacity 16162K, committed 16384K, reserved 1064960K
  class space    used 1707K, capacity 1719K, committed 1792K, reserved 1048576K
Event: 15.247 GC heap after
Heap after GC invocations=7 (full 0):
 PSYoungGen      total 148480K, used 6252K [0x00000000d5b00000, 0x00000000dfc00000, 0x0000000100000000)
  eden space 132608K, 0% used [0x00000000d5b00000,0x00000000d5b00000,0x00000000ddc80000)
  from space 15872K, 39% used [0x00000000ddc80000,0x00000000de29b0a8,0x00000000dec00000)
  to   space 15360K, 0% used [0x00000000dec00000,0x00000000dec00000,0x00000000dfb00000)
 ParOldGen       total 87552K, used 30381K [0x0000000081000000, 0x0000000086580000, 0x00000000d5b00000)
  object space 87552K, 34% used [0x0000000081000000,0x0000000082dab518,0x0000000086580000)
 Metaspace       used 16024K, capacity 16162K, committed 16384K, reserved 1064960K
  class space    used 1707K, capacity 1719K, committed 1792K, reserved 1048576K
}
Event: 17.860 GC heap before
{Heap before GC invocations=8 (full 0):
 PSYoungGen      total 148480K, used 138860K [0x00000000d5b00000, 0x00000000dfc00000, 0x0000000100000000)
  eden space 132608K, 100% used [0x00000000d5b00000,0x00000000ddc80000,0x00000000ddc80000)
  from space 15872K, 39% used [0x00000000ddc80000,0x00000000de29b0a8,0x00000000dec00000)
  to   space 15360K, 0% used [0x00000000dec00000,0x00000000dec00000,0x00000000dfb00000)
 ParOldGen       total 87552K, used 30381K [0x0000000081000000, 0x0000000086580000, 0x00000000d5b00000)
  object space 87552K, 34% used [0x0000000081000000,0x0000000082dab518,0x0000000086580000)
 Metaspace       used 16154K, capacity 16322K, committed 16384K, reserved 1064960K
  class space    used 1718K, capacity 1751K, committed 1792K, reserved 1048576K
Event: 17.881 GC heap after
Heap after GC invocations=8 (full 0):
 PSYoungGen      total 147456K, used 3792K [0x00000000d5b00000, 0x00000000e7e00000, 0x0000000100000000)
  eden space 132096K, 0% used [0x00000000d5b00000,0x00000000d5b00000,0x00000000ddc00000)
  from space 15360K, 24% used [0x00000000dec00000,0x00000000defb4030,0x00000000dfb00000)
  to   space 16384K, 0% used [0x00000000ddc00000,0x00000000ddc00000,0x00000000dec00000)
 ParOldGen       total 87552K, used 32429K [0x0000000081000000, 0x0000000086580000, 0x00000000d5b00000)
  object space 87552K, 37% used [0x0000000081000000,0x0000000082fab518,0x0000000086580000)
 Metaspace       used 16154K, capacity 16322K, committed 16384K, reserved 1064960K
  class space    used 1718K, capacity 1751K, committed 1792K, reserved 1048576K
}

Deoptimization events (10 events):
Event: 19.008 Thread 0x000000001f5e6000 Uncommon trap: reason=bimorphic action=maybe_recompile pc=0x0000000005be580c method=com.google.javascript.jscomp.ReferenceCollectingCallback.exitScope(Lcom/google/javascript/jscomp/NodeTraversal;)V @ 31
Event: 19.248 Thread 0x000000001f5e6000 Uncommon trap: reason=predicate action=maybe_recompile pc=0x0000000005d6d804 method=java.util.ArrayList.indexOf(Ljava/lang/Object;)I @ 44
Event: 19.318 Thread 0x000000001f5e6000 Uncommon trap: reason=unstable_if action=reinterpret pc=0x0000000004e8b814 method=java.util.TreeMap.successor(Ljava/util/TreeMap$Entry;)Ljava/util/TreeMap$Entry; @ 22
Event: 19.318 Thread 0x000000001f5e6000 Uncommon trap: reason=unstable_if action=reinterpret pc=0x0000000004ee20d4 method=java.util.TreeMap.successor(Ljava/util/TreeMap$Entry;)Ljava/util/TreeMap$Entry; @ 22
Event: 19.318 Thread 0x000000001f5e6000 Uncommon trap: reason=unstable_if action=reinterpret pc=0x0000000005ba6170 method=java.util.TreeMap.successor(Ljava/util/TreeMap$Entry;)Ljava/util/TreeMap$Entry; @ 22
Event: 19.320 Thread 0x000000001f5e6000 Uncommon trap: reason=unstable_if action=reinterpret pc=0x00000000051bfd0c method=java.util.TreeMap.deleteEntry(Ljava/util/TreeMap$Entry;)V @ 24
Event: 19.320 Thread 0x000000001f5e6000 Uncommon trap: reason=unstable_if action=reinterpret pc=0x00000000052b1a9c method=java.util.TreeMap.deleteEntry(Ljava/util/TreeMap$Entry;)V @ 24
Event: 19.320 Thread 0x000000001f5e6000 Uncommon trap: reason=unstable_if action=reinterpret pc=0x00000000053c01a0 method=java.util.TreeMap.deleteEntry(Ljava/util/TreeMap$Entry;)V @ 207
Event: 19.321 Thread 0x000000001f5e6000 Uncommon trap: reason=unstable_if action=reinterpret pc=0x0000000005066e84 method=java.util.TreeMap.fixAfterDeletion(Ljava/util/TreeMap$Entry;)V @ 24
Event: 19.329 Thread 0x000000001f5e6000 Uncommon trap: reason=unstable_if action=reinterpret pc=0x0000000005c431a0 method=java.util.HashMap.removeNode(ILjava/lang/Object;Ljava/lang/Object;ZZ)Ljava/util/HashMap$Node; @ 168

Internal exceptions (10 events):
Event: 0.545 Thread 0x0000000004c40800 Exception <a 'java/security/PrivilegedActionException'> (0x00000000d6608578) thrown at [C:\re\workspace\8-2-build-windows-amd64-cygwin\jdk8u151\9699\hotspot\src\share\vm\prims\jvm.cpp, line 1390]
Event: 0.545 Thread 0x0000000004c40800 Exception <a 'java/security/PrivilegedActionException'> (0x00000000d6608788) thrown at [C:\re\workspace\8-2-build-windows-amd64-cygwin\jdk8u151\9699\hotspot\src\share\vm\prims\jvm.cpp, line 1390]
Event: 0.546 Thread 0x0000000004c40800 Exception <a 'java/security/PrivilegedActionException'> (0x00000000d660c5e0) thrown at [C:\re\workspace\8-2-build-windows-amd64-cygwin\jdk8u151\9699\hotspot\src\share\vm\prims\jvm.cpp, line 1390]
Event: 0.546 Thread 0x0000000004c40800 Exception <a 'java/security/PrivilegedActionException'> (0x00000000d660c7f0) thrown at [C:\re\workspace\8-2-build-windows-amd64-cygwin\jdk8u151\9699\hotspot\src\share\vm\prims\jvm.cpp, line 1390]
Event: 8.807 Thread 0x000000001f876000 Implicit null exception at 0x00000000057aa494 to 0x00000000057aa6c1
Event: 8.807 Thread 0x000000001f876000 Implicit null exception at 0x000000000580b4fb to 0x000000000580baf9
Event: 8.824 Thread 0x000000001f876000 Implicit null exception at 0x0000000004f3e795 to 0x0000000004f3e965
Event: 10.779 Thread 0x000000001f5e6000 Implicit null exception at 0x0000000005aa1683 to 0x0000000005aa18d5
Event: 11.005 Thread 0x000000001f5e6000 Implicit null exception at 0x0000000005a52aeb to 0x0000000005a54101
Event: 16.899 Thread 0x000000001f5e6000 Implicit null exception at 0x0000000005c408ef to 0x0000000005c4094d

Events (10 events):
Event: 19.332 Thread 0x000000001ad8e800 flushing nmethod 0x0000000005ad8f50
Event: 19.334 Thread 0x000000001ad8e800 flushing nmethod 0x0000000005b677d0
Event: 19.334 Thread 0x000000001ad8e800 flushing nmethod 0x0000000005b74dd0
Event: 19.334 Thread 0x000000001ad8e800 flushing nmethod 0x0000000005b75350
Event: 19.334 Thread 0x000000001ad8e800 flushing nmethod 0x0000000005b7ea90
Event: 19.334 Thread 0x000000001ad8e800 flushing nmethod 0x0000000005b82410
Event: 19.389 Thread 0x000000001f5e6000 DEOPT PACKING pc=0x00000000058bf920 sp=0x000000002586d790
Event: 19.389 Thread 0x000000001f5e6000 DEOPT UNPACKING pc=0x0000000004d8787f sp=0x000000002586d538 mode 0
Event: 19.510 loading class com/google/javascript/jscomp/VariableMap
Event: 19.510 loading class com/google/javascript/jscomp/VariableMap done


Dynamic libraries:
0x00007ff7ff260000 - 0x00007ff7ff297000 	C:\ProgramData\Oracle\Java\javapath\java.exe
0x00007ffa576c0000 - 0x00007ffa578a0000 	C:\WINDOWS\SYSTEM32\ntdll.dll
0x00007ffa54c30000 - 0x00007ffa54cde000 	C:\WINDOWS\System32\KERNEL32.DLL
0x00007ffa54090000 - 0x00007ffa542f6000 	C:\WINDOWS\System32\KERNELBASE.dll
0x00007ffa57560000 - 0x00007ffa57601000 	C:\WINDOWS\System32\ADVAPI32.dll
0x00007ffa565a0000 - 0x00007ffa5663d000 	C:\WINDOWS\System32\msvcrt.dll
0x00007ffa54e50000 - 0x00007ffa54eab000 	C:\WINDOWS\System32\sechost.dll
0x00007ffa566b0000 - 0x00007ffa567cf000 	C:\WINDOWS\System32\RPCRT4.dll
0x00007ffa56ac0000 - 0x00007ffa56c4e000 	C:\WINDOWS\System32\USER32.dll
0x00007ffa54380000 - 0x00007ffa543a0000 	C:\WINDOWS\System32\win32u.dll
0x00007ffa563c0000 - 0x00007ffa563e8000 	C:\WINDOWS\System32\GDI32.dll
0x00007ffa53cd0000 - 0x00007ffa53e64000 	C:\WINDOWS\System32\gdi32full.dll
0x00007ffa54af0000 - 0x00007ffa54b8b000 	C:\WINDOWS\System32\msvcp_win.dll
0x00007ffa53ac0000 - 0x00007ffa53bb6000 	C:\WINDOWS\System32\ucrtbase.dll
0x00007ffa49160000 - 0x00007ffa493c9000 	C:\WINDOWS\WinSxS\amd64_microsoft.windows.common-controls_6595b64144ccf1df_6.0.16299.19_none_cc92fab02215da61\COMCTL32.dll
0x00007ffa57240000 - 0x00007ffa57548000 	C:\WINDOWS\System32\combase.dll
0x00007ffa54300000 - 0x00007ffa54372000 	C:\WINDOWS\System32\bcryptPrimitives.dll
0x00007ffa54b90000 - 0x00007ffa54bbd000 	C:\WINDOWS\System32\IMM32.DLL
0x000000006e890000 - 0x000000006e962000 	C:\Program Files\Java\jre1.8.0_151\bin\msvcr100.dll
0x000000006dff0000 - 0x000000006e88d000 	C:\Program Files\Java\jre1.8.0_151\bin\server\jvm.dll
0x00007ffa54bc0000 - 0x00007ffa54bc8000 	C:\WINDOWS\System32\PSAPI.DLL
0x00007ffa50490000 - 0x00007ffa50499000 	C:\WINDOWS\SYSTEM32\WSOCK32.dll
0x00007ffa51a10000 - 0x00007ffa51a33000 	C:\WINDOWS\SYSTEM32\WINMM.dll
0x00007ffa49ab0000 - 0x00007ffa49aba000 	C:\WINDOWS\SYSTEM32\VERSION.dll
0x00007ffa56640000 - 0x00007ffa566ac000 	C:\WINDOWS\System32\WS2_32.dll
0x00007ffa51950000 - 0x00007ffa5197a000 	C:\WINDOWS\SYSTEM32\WINMMBASE.dll
0x00007ffa54040000 - 0x00007ffa5408a000 	C:\WINDOWS\System32\cfgmgr32.dll
0x000000006dfe0000 - 0x000000006dfef000 	C:\Program Files\Java\jre1.8.0_151\bin\verify.dll
0x000000006dfb0000 - 0x000000006dfd9000 	C:\Program Files\Java\jre1.8.0_151\bin\java.dll
0x000000006df90000 - 0x000000006dfa6000 	C:\Program Files\Java\jre1.8.0_151\bin\zip.dll
0x00007ffa54eb0000 - 0x00007ffa562e7000 	C:\WINDOWS\System32\SHELL32.dll
0x00007ffa56a10000 - 0x00007ffa56ab6000 	C:\WINDOWS\System32\shcore.dll
0x00007ffa543a0000 - 0x00007ffa54ae7000 	C:\WINDOWS\System32\windows.storage.dll
0x00007ffa54bd0000 - 0x00007ffa54c21000 	C:\WINDOWS\System32\shlwapi.dll
0x00007ffa53a50000 - 0x00007ffa53a61000 	C:\WINDOWS\System32\kernel.appcore.dll
0x00007ffa53a70000 - 0x00007ffa53abc000 	C:\WINDOWS\System32\powrprof.dll
0x00007ffa53a10000 - 0x00007ffa53a2b000 	C:\WINDOWS\System32\profapi.dll
0x000000006bc90000 - 0x000000006bcaa000 	C:\Program Files\Java\jre1.8.0_151\bin\net.dll
0x00007ffa53240000 - 0x00007ffa532a6000 	C:\WINDOWS\system32\mswsock.dll
0x000000006bc70000 - 0x000000006bc81000 	C:\Program Files\Java\jre1.8.0_151\bin\nio.dll

VM Arguments:
java_command: G:\compiler-latest\closure-compiler-v20170806.jar --compilation_level SIMPLE_OPTIMIZATIONS --js dist\school-info-parser.js --js_output_file dist\school-info-parser.min.js
java_class_path (initial): G:\compiler-latest\closure-compiler-v20170806.jar
Launcher Type: SUN_STANDARD

Environment Variables:
JAVA_HOME=G:\java-jdk1.8
PATH=G:\Python\Python36-32\Scripts\;G:\Python\Python36-32\;C:\ProgramData\Oracle\Java\javapath;G:\node-v4.6.0-win-x86;C:\WINDOWS\system32;C:\WINDOWS;C:\WINDOWS\System32\Wbem;C:\WINDOWS\System32\WindowsPowerShell\v1.0\;C:\Users\dbsxo\AppData\Local\Microsoft\WindowsApps;G:\atom\bin;C:\adb;C:\Users\dbsxo\.dnx\bin;C:\Program Files\Microsoft DNX\Dnvm\;C:\Program Files (x86)\Windows Kits\8.1\Windows Performance Toolkit\;C:\Program Files\Microsoft SQL Server\130\Tools\Binn\;C:\Program Files (x86)\NVIDIA Corporation\PhysX\Common;G:\codeblocks-16.01mingw-nosetup\MinGW\bin;C:\Users\dbsxo\AppData\Roaming\npm;C:\WINDOWS\system32;C:\WINDOWS;C:\WINDOWS\System32\Wbem;C:\WINDOWS\System32\WindowsPowerShell\v1.0\;C:\Program Files\Git\cmd;G:\nodejs\;C:\Users\dbsxo\AppData\Local\Microsoft\WindowsApps;G:\atom\bin;C:\Users\dbsxo\AppData\Local\Microsoft\WindowsApps;G:\codeblocks-16.01mingw-nosetup\MinGW\bin;G:\nodejs;C:\Program Files\Bandizip\;G:\Heroku\bin;C:\Users\dbsxo\AppData\Roaming\npm
USERNAME=dbsxo
OS=Windows_NT
PROCESSOR_IDENTIFIER=Intel64 Family 6 Model 61 Stepping 4, GenuineIntel



---------------  S Y S T E M  ---------------

OS: Windows 10.0 , 64 bit Build 16299 (10.0.16299.15)

CPU:total 4 (initial active 4) (2 cores per cpu, 2 threads per core) family 6 model 61 stepping 4, cmov, cx8, fxsr, mmx, sse, sse2, sse3, ssse3, sse4.1, sse4.2, popcnt, avx, avx2, aes, clmul, erms, 3dnowpref, lzcnt, ht, tsc, tscinvbit, bmi1, bmi2, adx

Memory: 4k page, physical 8315248k(940864k free), swap 8315248k(3448k free)

vm_info: Java HotSpot(TM) 64-Bit Server VM (25.151-b12) for windows-amd64 JRE (1.8.0_151-b12), built on Sep  5 2017 19:33:46 by "java_re" with MS VC++ 10.0 (VS2010)

time: Tue Nov 14 18:38:10 2017
elapsed time: 19 seconds (0d 0h 0m 19s)

